This is pdfTeX, Version 3.14159265-2.6-1.40.15 (MiKTeX 2.9 64-bit) (preloaded format=pdflatex 2015.3.10)  14 APR 2015 22:05
entering extended mode
**Pflichtenheft-SEP15.tex
(Pflichtenheft-SEP15.tex
LaTeX2e <2014/05/01>
Babel <3.9l> and hyphenation patterns for 68 languages loaded.
("C:\Program Files\MiKTeX 2.9\tex\latex\koma-script\scrreprt.cls"
Document Class: scrreprt 2015/02/07 v3.16 KOMA-Script document class (report)
("C:\Program Files\MiKTeX 2.9\tex\latex\koma-script\scrkbase.sty"
Package: scrkbase 2015/02/07 v3.16 KOMA-Script package (KOMA-Script-dependent b
asics and keyval usage)

("C:\Program Files\MiKTeX 2.9\tex\latex\koma-script\scrbase.sty"
Package: scrbase 2015/02/07 v3.16 KOMA-Script package (KOMA-Script-independent 
basics and keyval usage)

("C:\Program Files\MiKTeX 2.9\tex\latex\graphics\keyval.sty"
Package: keyval 2014/10/28 v1.15 key=value parser (DPC)
\KV@toks@=\toks14
)
("C:\Program Files\MiKTeX 2.9\tex\latex\koma-script\scrlfile.sty"
Package: scrlfile 2015/02/07 v3.16 KOMA-Script package (loading files)

Package scrlfile, 2015/02/07 v3.16 KOMA-Script package (loading files)
                  Copyright (C) Markus Kohm

))) ("C:\Program Files\MiKTeX 2.9\tex\latex\koma-script\tocbasic.sty"
Package: tocbasic 2015/02/07 v3.16 KOMA-Script package (handling toc-files)
)
Package tocbasic Info: omitting babel extension for `toc'
(tocbasic)             because of feature `nobabel' available
(tocbasic)             for `toc' on input line 118.
Package tocbasic Info: omitting babel extension for `lof'
(tocbasic)             because of feature `nobabel' available
(tocbasic)             for `lof' on input line 119.
Package tocbasic Info: omitting babel extension for `lot'
(tocbasic)             because of feature `nobabel' available
(tocbasic)             for `lot' on input line 120.
Package tocbasic Info: defining new hook before heading of `' on input line 118
0.
Class scrreprt Info: File `scrsize11pt.clo' used instead of
(scrreprt)           file `scrsize11.clo' to setup font sizes on input line 171
2.

("C:\Program Files\MiKTeX 2.9\tex\latex\koma-script\scrsize11pt.clo"
File: scrsize11pt.clo 2015/02/07 v3.16 KOMA-Script font size class option (11pt
)
)
("C:\Program Files\MiKTeX 2.9\tex\latex\koma-script\typearea.sty"
Package: typearea 2015/02/07 v3.16 KOMA-Script package (type area)

Package typearea, 2015/02/07 v3.16 KOMA-Script package (type area)
                  Copyright (C) Frank Neukam, 1992-1994
                  Copyright (C) Markus Kohm, 1994-

\ta@bcor=\skip41
\ta@div=\count79
Package typearea Info: You've used standard option `a4paper'.
(typearea)             This is correct!
(typearea)             Internally I'm using `paper=a4'.
(typearea)             If you'd like to set the option with \KOMAoptions,
(typearea)             you'd have to use `paper=a4' there
(typearea)             instead of `a4paper', too.
\ta@hblk=\skip42
\ta@vblk=\skip43
\ta@temp=\skip44
\footheight=\skip45
Package typearea Info: These are the values describing the layout:
(typearea)             DIV  = 10
(typearea)             BCOR = 0.0pt
(typearea)             \paperwidth      = 597.50793pt
(typearea)              \textwidth      = 418.25555pt
(typearea)              DIV departure   = -6%
(typearea)              \evensidemargin = 17.3562pt
(typearea)              \oddsidemargin  = 17.3562pt
(typearea)             \paperheight     = 845.04694pt
(typearea)              \textheight     = 595.80026pt
(typearea)              \topmargin      = -25.16531pt
(typearea)              \headheight     = 17.0pt
(typearea)              \headsep        = 20.40001pt
(typearea)              \topskip        = 11.0pt
(typearea)              \footskip       = 47.6pt
(typearea)              \baselineskip   = 13.6pt
(typearea)              on input line 1342.
)
\c@part=\count80
\c@chapter=\count81
\c@section=\count82
\c@subsection=\count83
\c@subsubsection=\count84
\c@paragraph=\count85
\c@subparagraph=\count86
\abovecaptionskip=\skip46
\belowcaptionskip=\skip47
\c@pti@nb@sid@b@x=\box26
\c@figure=\count87
\c@table=\count88
\bibindent=\dimen102
) ("C:\Program Files\MiKTeX 2.9\tex\latex\babel\babel.sty"
Package: babel 2014/09/25 3.9l The Babel package

*************************************
* Local config file bblopts.cfg used
*
("C:\Program Files\MiKTeX 2.9\tex\latex\00miktex\bblopts.cfg"
File: bblopts.cfg 2006/07/31 v1.0 MiKTeX 'babel' configuration
)
("C:\Program Files\MiKTeX 2.9\tex\latex\babel-german\german.ldf"
Language: german 2014/10/10 v2.7b German support for babel (traditional orthogr
aphy)

("C:\Program Files\MiKTeX 2.9\tex\latex\babel-german\germanb.ldf"
Language: germanb 2014/10/10 v2.7b German support for babel (traditional orthog
raphy)

("C:\Program Files\MiKTeX 2.9\tex\latex\babel\babel.def"
File: babel.def 2014/09/25 3.9l Babel common definitions
\babel@savecnt=\count89
\U@D=\dimen103
)
\l@austrian = a dialect from \language\l@german 
Package babel Info: Making " an active character on input line 110.
)))
("C:\Program Files\MiKTeX 2.9\tex\latex\beamer\base\translator\translator.sty"
Package: translator 2010/06/12 ver 1.10

("C:\Program Files\MiKTeX 2.9\tex\latex\beamer\base\translator\translator-langu
age-mappings.tex")) ("C:\Program Files\MiKTeX 2.9\tex\latex\base\inputenc.sty"
Package: inputenc 2014/04/30 v1.2b Input encoding file
\inpenc@prehook=\toks15
\inpenc@posthook=\toks16

("C:\Program Files\MiKTeX 2.9\tex\latex\base\utf8.def"
File: utf8.def 2014/09/29 v1.1m UTF-8 support for inputenc
Now handling font encoding OML ...
... no UTF-8 mapping file for font encoding OML
Now handling font encoding T1 ...
... processing UTF-8 mapping file for font encoding T1

("C:\Program Files\MiKTeX 2.9\tex\latex\base\t1enc.dfu"
File: t1enc.dfu 2014/09/29 v1.1m UTF-8 support for inputenc
   defining Unicode char U+00A1 (decimal 161)
   defining Unicode char U+00A3 (decimal 163)
   defining Unicode char U+00AB (decimal 171)
   defining Unicode char U+00BB (decimal 187)
   defining Unicode char U+00BF (decimal 191)
   defining Unicode char U+00C0 (decimal 192)
   defining Unicode char U+00C1 (decimal 193)
   defining Unicode char U+00C2 (decimal 194)
   defining Unicode char U+00C3 (decimal 195)
   defining Unicode char U+00C4 (decimal 196)
   defining Unicode char U+00C5 (decimal 197)
   defining Unicode char U+00C6 (decimal 198)
   defining Unicode char U+00C7 (decimal 199)
   defining Unicode char U+00C8 (decimal 200)
   defining Unicode char U+00C9 (decimal 201)
   defining Unicode char U+00CA (decimal 202)
   defining Unicode char U+00CB (decimal 203)
   defining Unicode char U+00CC (decimal 204)
   defining Unicode char U+00CD (decimal 205)
   defining Unicode char U+00CE (decimal 206)
   defining Unicode char U+00CF (decimal 207)
   defining Unicode char U+00D0 (decimal 208)
   defining Unicode char U+00D1 (decimal 209)
   defining Unicode char U+00D2 (decimal 210)
   defining Unicode char U+00D3 (decimal 211)
   defining Unicode char U+00D4 (decimal 212)
   defining Unicode char U+00D5 (decimal 213)
   defining Unicode char U+00D6 (decimal 214)
   defining Unicode char U+00D8 (decimal 216)
   defining Unicode char U+00D9 (decimal 217)
   defining Unicode char U+00DA (decimal 218)
   defining Unicode char U+00DB (decimal 219)
   defining Unicode char U+00DC (decimal 220)
   defining Unicode char U+00DD (decimal 221)
   defining Unicode char U+00DE (decimal 222)
   defining Unicode char U+00DF (decimal 223)
   defining Unicode char U+00E0 (decimal 224)
   defining Unicode char U+00E1 (decimal 225)
   defining Unicode char U+00E2 (decimal 226)
   defining Unicode char U+00E3 (decimal 227)
   defining Unicode char U+00E4 (decimal 228)
   defining Unicode char U+00E5 (decimal 229)
   defining Unicode char U+00E6 (decimal 230)
   defining Unicode char U+00E7 (decimal 231)
   defining Unicode char U+00E8 (decimal 232)
   defining Unicode char U+00E9 (decimal 233)
   defining Unicode char U+00EA (decimal 234)
   defining Unicode char U+00EB (decimal 235)
   defining Unicode char U+00EC (decimal 236)
   defining Unicode char U+00ED (decimal 237)
   defining Unicode char U+00EE (decimal 238)
   defining Unicode char U+00EF (decimal 239)
   defining Unicode char U+00F0 (decimal 240)
   defining Unicode char U+00F1 (decimal 241)
   defining Unicode char U+00F2 (decimal 242)
   defining Unicode char U+00F3 (decimal 243)
   defining Unicode char U+00F4 (decimal 244)
   defining Unicode char U+00F5 (decimal 245)
   defining Unicode char U+00F6 (decimal 246)
   defining Unicode char U+00F8 (decimal 248)
   defining Unicode char U+00F9 (decimal 249)
   defining Unicode char U+00FA (decimal 250)
   defining Unicode char U+00FB (decimal 251)
   defining Unicode char U+00FC (decimal 252)
   defining Unicode char U+00FD (decimal 253)
   defining Unicode char U+00FE (decimal 254)
   defining Unicode char U+00FF (decimal 255)
   defining Unicode char U+0102 (decimal 258)
   defining Unicode char U+0103 (decimal 259)
   defining Unicode char U+0104 (decimal 260)
   defining Unicode char U+0105 (decimal 261)
   defining Unicode char U+0106 (decimal 262)
   defining Unicode char U+0107 (decimal 263)
   defining Unicode char U+010C (decimal 268)
   defining Unicode char U+010D (decimal 269)
   defining Unicode char U+010E (decimal 270)
   defining Unicode char U+010F (decimal 271)
   defining Unicode char U+0110 (decimal 272)
   defining Unicode char U+0111 (decimal 273)
   defining Unicode char U+0118 (decimal 280)
   defining Unicode char U+0119 (decimal 281)
   defining Unicode char U+011A (decimal 282)
   defining Unicode char U+011B (decimal 283)
   defining Unicode char U+011E (decimal 286)
   defining Unicode char U+011F (decimal 287)
   defining Unicode char U+0130 (decimal 304)
   defining Unicode char U+0131 (decimal 305)
   defining Unicode char U+0132 (decimal 306)
   defining Unicode char U+0133 (decimal 307)
   defining Unicode char U+0139 (decimal 313)
   defining Unicode char U+013A (decimal 314)
   defining Unicode char U+013D (decimal 317)
   defining Unicode char U+013E (decimal 318)
   defining Unicode char U+0141 (decimal 321)
   defining Unicode char U+0142 (decimal 322)
   defining Unicode char U+0143 (decimal 323)
   defining Unicode char U+0144 (decimal 324)
   defining Unicode char U+0147 (decimal 327)
   defining Unicode char U+0148 (decimal 328)
   defining Unicode char U+014A (decimal 330)
   defining Unicode char U+014B (decimal 331)
   defining Unicode char U+0150 (decimal 336)
   defining Unicode char U+0151 (decimal 337)
   defining Unicode char U+0152 (decimal 338)
   defining Unicode char U+0153 (decimal 339)
   defining Unicode char U+0154 (decimal 340)
   defining Unicode char U+0155 (decimal 341)
   defining Unicode char U+0158 (decimal 344)
   defining Unicode char U+0159 (decimal 345)
   defining Unicode char U+015A (decimal 346)
   defining Unicode char U+015B (decimal 347)
   defining Unicode char U+015E (decimal 350)
   defining Unicode char U+015F (decimal 351)
   defining Unicode char U+0160 (decimal 352)
   defining Unicode char U+0161 (decimal 353)
   defining Unicode char U+0162 (decimal 354)
   defining Unicode char U+0163 (decimal 355)
   defining Unicode char U+0164 (decimal 356)
   defining Unicode char U+0165 (decimal 357)
   defining Unicode char U+016E (decimal 366)
   defining Unicode char U+016F (decimal 367)
   defining Unicode char U+0170 (decimal 368)
   defining Unicode char U+0171 (decimal 369)
   defining Unicode char U+0178 (decimal 376)
   defining Unicode char U+0179 (decimal 377)
   defining Unicode char U+017A (decimal 378)
   defining Unicode char U+017B (decimal 379)
   defining Unicode char U+017C (decimal 380)
   defining Unicode char U+017D (decimal 381)
   defining Unicode char U+017E (decimal 382)
   defining Unicode char U+200C (decimal 8204)
   defining Unicode char U+2013 (decimal 8211)
   defining Unicode char U+2014 (decimal 8212)
   defining Unicode char U+2018 (decimal 8216)
   defining Unicode char U+2019 (decimal 8217)
   defining Unicode char U+201A (decimal 8218)
   defining Unicode char U+201C (decimal 8220)
   defining Unicode char U+201D (decimal 8221)
   defining Unicode char U+201E (decimal 8222)
   defining Unicode char U+2030 (decimal 8240)
   defining Unicode char U+2031 (decimal 8241)
   defining Unicode char U+2039 (decimal 8249)
   defining Unicode char U+203A (decimal 8250)
   defining Unicode char U+2423 (decimal 9251)
)
Now handling font encoding OT1 ...
... processing UTF-8 mapping file for font encoding OT1

("C:\Program Files\MiKTeX 2.9\tex\latex\base\ot1enc.dfu"
File: ot1enc.dfu 2014/09/29 v1.1m UTF-8 support for inputenc
   defining Unicode char U+00A1 (decimal 161)
   defining Unicode char U+00A3 (decimal 163)
   defining Unicode char U+00B8 (decimal 184)
   defining Unicode char U+00BF (decimal 191)
   defining Unicode char U+00C5 (decimal 197)
   defining Unicode char U+00C6 (decimal 198)
   defining Unicode char U+00D8 (decimal 216)
   defining Unicode char U+00DF (decimal 223)
   defining Unicode char U+00E6 (decimal 230)
   defining Unicode char U+00EC (decimal 236)
   defining Unicode char U+00ED (decimal 237)
   defining Unicode char U+00EE (decimal 238)
   defining Unicode char U+00EF (decimal 239)
   defining Unicode char U+00F8 (decimal 248)
   defining Unicode char U+0131 (decimal 305)
   defining Unicode char U+0141 (decimal 321)
   defining Unicode char U+0142 (decimal 322)
   defining Unicode char U+0152 (decimal 338)
   defining Unicode char U+0153 (decimal 339)
   defining Unicode char U+2013 (decimal 8211)
   defining Unicode char U+2014 (decimal 8212)
   defining Unicode char U+2018 (decimal 8216)
   defining Unicode char U+2019 (decimal 8217)
   defining Unicode char U+201C (decimal 8220)
   defining Unicode char U+201D (decimal 8221)
)
Now handling font encoding OMS ...
... processing UTF-8 mapping file for font encoding OMS

("C:\Program Files\MiKTeX 2.9\tex\latex\base\omsenc.dfu"
File: omsenc.dfu 2014/09/29 v1.1m UTF-8 support for inputenc
   defining Unicode char U+00A7 (decimal 167)
   defining Unicode char U+00B6 (decimal 182)
   defining Unicode char U+00B7 (decimal 183)
   defining Unicode char U+2020 (decimal 8224)
   defining Unicode char U+2021 (decimal 8225)
   defining Unicode char U+2022 (decimal 8226)
)
Now handling font encoding OMX ...
... no UTF-8 mapping file for font encoding OMX
Now handling font encoding U ...
... no UTF-8 mapping file for font encoding U
   defining Unicode char U+00A9 (decimal 169)
   defining Unicode char U+00AA (decimal 170)
   defining Unicode char U+00AE (decimal 174)
   defining Unicode char U+00BA (decimal 186)
   defining Unicode char U+02C6 (decimal 710)
   defining Unicode char U+02DC (decimal 732)
   defining Unicode char U+200C (decimal 8204)
   defining Unicode char U+2026 (decimal 8230)
   defining Unicode char U+2122 (decimal 8482)
   defining Unicode char U+2423 (decimal 9251)
))
("C:\Program Files\MiKTeX 2.9\tex\latex\base\fontenc.sty"
Package: fontenc 2005/09/27 v1.99g Standard LaTeX package

("C:\Program Files\MiKTeX 2.9\tex\latex\base\t1enc.def"
File: t1enc.def 2005/09/27 v1.99g Standard LaTeX file
LaTeX Font Info:    Redeclaring font encoding T1 on input line 43.
))
("C:\Program Files\MiKTeX 2.9\tex\latex\blindtext\blindtext.sty"
Package: blindtext 2012/01/06 V2.0 blindtext-Package

("C:\Program Files\MiKTeX 2.9\tex\latex\tools\xspace.sty"
Package: xspace 2014/10/28 v1.13 Space after command names (DPC,MH)
)
\c@blindtext=\count90
\c@Blindtext=\count91
\c@blind@countparstart=\count92
\blind@countxx=\count93
\blindtext@numBlindtext=\count94
\blind@countyy=\count95
\c@blindlist=\count96
\c@blindlistlevel=\count97
\c@blindlist@level=\count98
\blind@listitem=\count99
\c@blind@listcount=\count100
\c@blind@levelcount=\count101
\blind@mathformula=\count102
\blind@Mathformula=\count103
\c@blind@randomcount=\count104
\c@blind@randommax=\count105
\c@blind@pangramcount=\count106
\c@blind@pangrammax=\count107
)
("C:\Program Files\MiKTeX 2.9\tex\latex\ae\ae.sty"
Package: ae 2001/02/12 1.3 Almost European Computer Modern

("C:\Program Files\MiKTeX 2.9\tex\latex\base\fontenc.sty"
Package: fontenc 2005/09/27 v1.99g Standard LaTeX package

("C:\Program Files\MiKTeX 2.9\tex\latex\base\t1enc.def"
File: t1enc.def 2005/09/27 v1.99g Standard LaTeX file
LaTeX Font Info:    Redeclaring font encoding T1 on input line 43.
)
LaTeX Font Info:    Try loading font information for T1+aer on input line 100.

("C:\Program Files\MiKTeX 2.9\tex\latex\ae\t1aer.fd"
File: t1aer.fd 1997/11/16 Font definitions for T1/aer.
)))
("C:\Program Files\MiKTeX 2.9\tex\latex\hyperref\hyperref.sty"
Package: hyperref 2012/11/06 v6.83m Hypertext links for LaTeX

("C:\Program Files\MiKTeX 2.9\tex\generic\oberdiek\hobsub-hyperref.sty"
Package: hobsub-hyperref 2012/04/25 v1.12 Bundle oberdiek, subset hyperref (HO)


("C:\Program Files\MiKTeX 2.9\tex\generic\oberdiek\hobsub-generic.sty"
Package: hobsub-generic 2012/04/25 v1.12 Bundle oberdiek, subset generic (HO)
Package: hobsub 2012/04/25 v1.12 Construct package bundles (HO)
Package: infwarerr 2010/04/08 v1.3 Providing info/warning/error messages (HO)
Package: ltxcmds 2011/11/09 v1.22 LaTeX kernel commands for general use (HO)
Package: ifluatex 2010/03/01 v1.3 Provides the ifluatex switch (HO)
Package ifluatex Info: LuaTeX not detected.
Package: ifvtex 2010/03/01 v1.5 Detect VTeX and its facilities (HO)
Package ifvtex Info: VTeX not detected.
Package: intcalc 2007/09/27 v1.1 Expandable calculations with integers (HO)
Package: ifpdf 2011/01/30 v2.3 Provides the ifpdf switch (HO)
Package ifpdf Info: pdfTeX in PDF mode is detected.
Package: etexcmds 2011/02/16 v1.5 Avoid name clashes with e-TeX commands (HO)
Package etexcmds Info: Could not find \expanded.
(etexcmds)             That can mean that you are not using pdfTeX 1.50 or
(etexcmds)             that some package has redefined \expanded.
(etexcmds)             In the latter case, load this package earlier.
Package: kvsetkeys 2012/04/25 v1.16 Key value parser (HO)
Package: kvdefinekeys 2011/04/07 v1.3 Define keys (HO)
Package: pdftexcmds 2011/11/29 v0.20 Utility functions of pdfTeX for LuaTeX (HO
)
Package pdftexcmds Info: LuaTeX not detected.
Package pdftexcmds Info: \pdf@primitive is available.
Package pdftexcmds Info: \pdf@ifprimitive is available.
Package pdftexcmds Info: \pdfdraftmode found.
Package: pdfescape 2011/11/25 v1.13 Implements pdfTeX's escape features (HO)
Package: bigintcalc 2012/04/08 v1.3 Expandable calculations on big integers (HO
)
Package: bitset 2011/01/30 v1.1 Handle bit-vector datatype (HO)
Package: uniquecounter 2011/01/30 v1.2 Provide unlimited unique counter (HO)
)
Package hobsub Info: Skipping package `hobsub' (already loaded).
Package: letltxmacro 2010/09/02 v1.4 Let assignment for LaTeX macros (HO)
Package: hopatch 2011/06/24 v1.1 Wrapper for package hooks (HO)
Package: xcolor-patch 2011/01/30 xcolor patch
Package: atveryend 2011/06/30 v1.8 Hooks at the very end of document (HO)
Package atveryend Info: \enddocument detected (standard20110627).
Package: atbegshi 2011/10/05 v1.16 At begin shipout hook (HO)
Package: refcount 2011/10/16 v3.4 Data extraction from label references (HO)
Package: hycolor 2011/01/30 v1.7 Color options for hyperref/bookmark (HO)
)
("C:\Program Files\MiKTeX 2.9\tex\generic\ifxetex\ifxetex.sty"
Package: ifxetex 2010/09/12 v0.6 Provides ifxetex conditional
)
("C:\Program Files\MiKTeX 2.9\tex\latex\oberdiek\auxhook.sty"
Package: auxhook 2011/03/04 v1.3 Hooks for auxiliary files (HO)
)
("C:\Program Files\MiKTeX 2.9\tex\latex\oberdiek\kvoptions.sty"
Package: kvoptions 2011/06/30 v3.11 Key value format for package options (HO)
)
\@linkdim=\dimen104
\Hy@linkcounter=\count108
\Hy@pagecounter=\count109

("C:\Program Files\MiKTeX 2.9\tex\latex\hyperref\pd1enc.def"
File: pd1enc.def 2012/11/06 v6.83m Hyperref: PDFDocEncoding definition (HO)
Now handling font encoding PD1 ...
... no UTF-8 mapping file for font encoding PD1
)
\Hy@SavedSpaceFactor=\count110

("C:\Program Files\MiKTeX 2.9\tex\latex\00miktex\hyperref.cfg"
File: hyperref.cfg 2002/06/06 v1.2 hyperref configuration of TeXLive
)
Package hyperref Info: Option `bookmarks' set `true' on input line 4319.
Package hyperref Info: Option `bookmarksnumbered' set `true' on input line 4319
.
Package hyperref Info: Hyper figures OFF on input line 4443.
Package hyperref Info: Link nesting OFF on input line 4448.
Package hyperref Info: Hyper index ON on input line 4451.
Package hyperref Info: Plain pages OFF on input line 4458.
Package hyperref Info: Backreferencing OFF on input line 4463.
Package hyperref Info: Implicit mode ON; LaTeX internals redefined.
Package hyperref Info: Bookmarks ON on input line 4688.
\c@Hy@tempcnt=\count111

("C:\Program Files\MiKTeX 2.9\tex\latex\url\url.sty"
\Urlmuskip=\muskip10
Package: url 2013/09/16  ver 3.4  Verb mode for urls, etc.
)
LaTeX Info: Redefining \url on input line 5041.
\XeTeXLinkMargin=\dimen105
\Fld@menulength=\count112
\Field@Width=\dimen106
\Fld@charsize=\dimen107
Package hyperref Info: Hyper figures OFF on input line 6295.
Package hyperref Info: Link nesting OFF on input line 6300.
Package hyperref Info: Hyper index ON on input line 6303.
Package hyperref Info: backreferencing OFF on input line 6310.
Package hyperref Info: Link coloring OFF on input line 6315.
Package hyperref Info: Link coloring with OCG OFF on input line 6320.
Package hyperref Info: PDF/A mode OFF on input line 6325.
LaTeX Info: Redefining \ref on input line 6365.
LaTeX Info: Redefining \pageref on input line 6369.
\Hy@abspage=\count113
\c@Item=\count114
\c@Hfootnote=\count115
)

Package hyperref Message: Driver (autodetected): hpdftex.

("C:\Program Files\MiKTeX 2.9\tex\latex\hyperref\hpdftex.def"
File: hpdftex.def 2012/11/06 v6.83m Hyperref driver for pdfTeX
\Fld@listcount=\count116
\c@bookmark@seq@number=\count117

("C:\Program Files\MiKTeX 2.9\tex\latex\oberdiek\rerunfilecheck.sty"
Package: rerunfilecheck 2011/04/15 v1.7 Rerun checks for auxiliary files (HO)
Package uniquecounter Info: New unique counter `rerunfilecheck' on input line 2
82.
)
\Hy@SectionHShift=\skip48
)
("C:\Program Files\MiKTeX 2.9\tex\latex\graphics\graphicx.sty"
Package: graphicx 2014/10/28 v1.0g Enhanced LaTeX Graphics (DPC,SPQR)

("C:\Program Files\MiKTeX 2.9\tex\latex\graphics\graphics.sty"
Package: graphics 2014/10/28 v1.0p Standard LaTeX Graphics (DPC,SPQR)

("C:\Program Files\MiKTeX 2.9\tex\latex\graphics\trig.sty"
Package: trig 1999/03/16 v1.09 sin cos tan (DPC)
)
("C:\Program Files\MiKTeX 2.9\tex\latex\00miktex\graphics.cfg"
File: graphics.cfg 2007/01/18 v1.5 graphics configuration of teTeX/TeXLive
)
Package graphics Info: Driver file: pdftex.def on input line 91.

("C:\Program Files\MiKTeX 2.9\tex\latex\pdftex-def\pdftex.def"
File: pdftex.def 2011/05/27 v0.06d Graphics/color for pdfTeX
\Gread@gobject=\count118
))
\Gin@req@height=\dimen108
\Gin@req@width=\dimen109
)
("C:\Program Files\MiKTeX 2.9\tex\latex\graphics\color.sty"
Package: color 2014/10/28 v1.1a Standard LaTeX Color (DPC)

("C:\Program Files\MiKTeX 2.9\tex\latex\00miktex\color.cfg"
File: color.cfg 2007/01/18 v1.5 color configuration of teTeX/TeXLive
)
Package color Info: Driver file: pdftex.def on input line 137.
)
("C:\Program Files\MiKTeX 2.9\tex\latex\xcolor\xcolor.sty"
Package: xcolor 2007/01/21 v2.11 LaTeX color extensions (UK)

("C:\Program Files\MiKTeX 2.9\tex\latex\00miktex\color.cfg"
File: color.cfg 2007/01/18 v1.5 color configuration of teTeX/TeXLive
)
Package xcolor Info: Driver file: pdftex.def on input line 225.
LaTeX Info: Redefining \color on input line 702.
Package xcolor Info: Model `cmy' substituted by `cmy0' on input line 1337.
Package xcolor Info: Model `hsb' substituted by `rgb' on input line 1341.
Package xcolor Info: Model `RGB' extended on input line 1353.
Package xcolor Info: Model `HTML' substituted by `rgb' on input line 1355.
Package xcolor Info: Model `Hsb' substituted by `hsb' on input line 1356.
Package xcolor Info: Model `tHsb' substituted by `hsb' on input line 1357.
Package xcolor Info: Model `HSB' substituted by `hsb' on input line 1358.
Package xcolor Info: Model `Gray' substituted by `gray' on input line 1359.
Package xcolor Info: Model `wave' substituted by `hsb' on input line 1360.

("C:\Program Files\MiKTeX 2.9\tex\latex\graphics\dvipsnam.def"
File: dvipsnam.def 2014/10/14 v3.0j Driver-dependent file (DPC,SPQR)
))
\c@Lc=\count119
\c@Hc=\count120

("C:\Program Files\MiKTeX 2.9\tex\latex\glossaries\base\glossaries.sty"
Package: glossaries 2015/02/03 v4.13 (NLCT)

("C:\Program Files\MiKTeX 2.9\tex\latex\base\ifthen.sty"
Package: ifthen 2014/09/29 v1.1c Standard LaTeX ifthen package (DPC)
)
("C:\Program Files\MiKTeX 2.9\tex\latex\xkeyval\xkeyval.sty"
Package: xkeyval 2014/12/03 v2.7a package option processing (HA)

("C:\Program Files\MiKTeX 2.9\tex\generic\xkeyval\xkeyval.tex"
("C:\Program Files\MiKTeX 2.9\tex\generic\xkeyval\xkvutils.tex"
\XKV@toks=\toks17
\XKV@tempa@toks=\toks18
)
\XKV@depth=\count121
File: xkeyval.tex 2014/12/03 v2.7a key=value parser (HA)
))
("C:\Program Files\MiKTeX 2.9\tex\latex\glossaries\base\mfirstuc.sty"
Package: mfirstuc 2015/02/03 v1.10 (NLCT)

("C:\Program Files\MiKTeX 2.9\tex\latex\etoolbox\etoolbox.sty"
Package: etoolbox 2011/01/03 v2.1 e-TeX tools for LaTeX

("C:\Program Files\MiKTeX 2.9\tex\latex\misc\etex.sty"
Package: etex 1998/03/26 v2.0 eTeX basic definition package (PEB)
\et@xins=\count122
)
\etb@tempcnta=\count123
)
\@glsmfirst=\toks19
\@glsmrest=\toks20
)
("C:\Program Files\MiKTeX 2.9\tex\latex\textcase\textcase.sty"
Package: textcase 2004/10/07 v0.07 Text only upper/lower case changing (DPC)
)
("C:\Program Files\MiKTeX 2.9\tex\latex\xfor\xfor.sty"
Package: xfor 2009/02/05 v1.05 (NLCT)
)
("C:\Program Files\MiKTeX 2.9\tex\latex\datatool\datatool-base.sty"
Package: datatool-base 2014/06/10 v2.22 (NLCT)

("C:\Program Files\MiKTeX 2.9\tex\latex\amsmath\amsmath.sty"
Package: amsmath 2013/01/14 v2.14 AMS math features
\@mathmargin=\skip49

For additional information on amsmath, use the `?' option.
("C:\Program Files\MiKTeX 2.9\tex\latex\amsmath\amstext.sty"
Package: amstext 2000/06/29 v2.01

("C:\Program Files\MiKTeX 2.9\tex\latex\amsmath\amsgen.sty"
File: amsgen.sty 1999/11/30 v2.0
\@emptytoks=\toks21
\ex@=\dimen110
))
("C:\Program Files\MiKTeX 2.9\tex\latex\amsmath\amsbsy.sty"
Package: amsbsy 1999/11/29 v1.2d
\pmbraise@=\dimen111
)
("C:\Program Files\MiKTeX 2.9\tex\latex\amsmath\amsopn.sty"
Package: amsopn 1999/12/14 v2.01 operator names
)
\inf@bad=\count124
LaTeX Info: Redefining \frac on input line 210.
\uproot@=\count125
\leftroot@=\count126
LaTeX Info: Redefining \overline on input line 306.
\classnum@=\count127
\DOTSCASE@=\count128
LaTeX Info: Redefining \ldots on input line 378.
LaTeX Info: Redefining \dots on input line 381.
LaTeX Info: Redefining \cdots on input line 466.
\Mathstrutbox@=\box27
\strutbox@=\box28
\big@size=\dimen112
LaTeX Font Info:    Redeclaring font encoding OML on input line 566.
LaTeX Font Info:    Redeclaring font encoding OMS on input line 567.
\macc@depth=\count129
\c@MaxMatrixCols=\count130
\dotsspace@=\muskip11
\c@parentequation=\count131
\dspbrk@lvl=\count132
\tag@help=\toks22
\row@=\count133
\column@=\count134
\maxfields@=\count135
\andhelp@=\toks23
\eqnshift@=\dimen113
\alignsep@=\dimen114
\tagshift@=\dimen115
\tagwidth@=\dimen116
\totwidth@=\dimen117
\lineht@=\dimen118
\@envbody=\toks24
\multlinegap=\skip50
\multlinetaggap=\skip51
\mathdisplay@stack=\toks25
LaTeX Info: Redefining \[ on input line 2665.
LaTeX Info: Redefining \] on input line 2666.
)
("C:\Program Files\MiKTeX 2.9\tex\latex\substr\substr.sty"
Package: substr 2009/10/20 v1.2 Handle substrings
\c@su@anzahl=\count136
)
("C:\Program Files\MiKTeX 2.9\tex\latex\datatool\datatool-fp.sty"
Package: datatool-fp 2013/08/29 v2.17 (NLCT)

("C:\Program Files\MiKTeX 2.9\tex\latex\fp\fp.sty"
Package: fp 1995/04/02

`Fixed Point Package', Version 0.8, April 2, 1995 (C) Michael Mehlich
("C:\Program Files\MiKTeX 2.9\tex\latex\fp\defpattern.sty"
Package: defpattern 1994/10/12
\actioncount=\count137
)
("C:\Program Files\MiKTeX 2.9\tex\latex\fp\fp-basic.sty"
Package: fp-basic 1996/05/13
\FP@xs=\count138
\FP@xia=\count139
\FP@xib=\count140
\FP@xfa=\count141
\FP@xfb=\count142
\FP@rega=\count143
\FP@regb=\count144
\FP@regs=\count145
\FP@times=\count146
)
("C:\Program Files\MiKTeX 2.9\tex\latex\fp\fp-addons.sty"
Package: fp-addons 1995/03/15
)
("C:\Program Files\MiKTeX 2.9\tex\latex\fp\fp-snap.sty"
Package: fp-snap 1995/04/05
)
("C:\Program Files\MiKTeX 2.9\tex\latex\fp\fp-exp.sty"
Package: fp-exp 1995/04/03
)
("C:\Program Files\MiKTeX 2.9\tex\latex\fp\fp-trigo.sty"
Package: fp-trigo 1995/04/14
)
("C:\Program Files\MiKTeX 2.9\tex\latex\fp\fp-pas.sty"
Package: fp-pas 1994/08/29
)
("C:\Program Files\MiKTeX 2.9\tex\latex\fp\fp-random.sty"
Package: fp-random 1995/02/23
\FPseed=\count147
)
("C:\Program Files\MiKTeX 2.9\tex\latex\fp\fp-eqn.sty"
Package: fp-eqn 1995/04/03
)
("C:\Program Files\MiKTeX 2.9\tex\latex\fp\fp-upn.sty"
Package: fp-upn 1996/10/21
)
("C:\Program Files\MiKTeX 2.9\tex\latex\fp\fp-eval.sty"
Package: fp-eval 1995/04/03
)))
\@dtl@toks=\toks26
\@dtl@tmpcount=\count148
\dtl@tmplength=\skip52
\dtl@sortresult=\count149
\@dtl@numgrpsepcount=\count150
\@dtl@datatype=\count151
\dtl@codeA=\count152
\dtl@codeB=\count153
\@dtl@foreach@level=\count154
)
("C:\Program Files\MiKTeX 2.9\tex\latex\glossaries\base\glossaries-compatible-3
07.sty"
Package: glossaries-compatible-307 2013/11/14 v4.0 (NLCT)
) ("C:\Program Files\MiKTeX 2.9\tex\latex\tracklang\tracklang.sty"
Package: tracklang 2014/11/21 v1.1 (NLCT) Track Languages

("C:\Program Files\MiKTeX 2.9\tex\generic\tracklang\tracklang.tex"))

Package glossaries Warning: No language module detected for `german'.
(glossaries)                Language modules need to be installed separately.
(glossaries)                Please check on CTAN for a bundle called
(glossaries)                `glossaries-german' or similar.

\gls@level=\count155
\@gls@tmpb=\toks27
\gls@tmplen=\skip53
\glskeylisttok=\toks28
\glslabeltok=\toks29
\glsshorttok=\toks30
\glslongtok=\toks31
("C:\Program Files\MiKTeX 2.9\tex\latex\glossaries\styles\glossary-hypernav.sty
"
Package: glossary-hypernav 2013/11/14 v4.0 (NLCT)
) ("C:\Program Files\MiKTeX 2.9\tex\latex\glossaries\styles\glossary-list.sty"
Package: glossary-list 2015/02/03 v4.13 (NLCT)
\glslistdottedwidth=\skip54
) ("C:\Program Files\MiKTeX 2.9\tex\latex\glossaries\styles\glossary-long.sty"
Package: glossary-long 2013/11/14 v4.0 (NLCT)

("C:\Program Files\MiKTeX 2.9\tex\latex\tools\longtable.sty"
Package: longtable 2014/10/28 v4.11 Multi-page Table package (DPC)
\LTleft=\skip55
\LTright=\skip56
\LTpre=\skip57
\LTpost=\skip58
\LTchunksize=\count156
\LTcapwidth=\dimen119
\LT@head=\box29
\LT@firsthead=\box30
\LT@foot=\box31
\LT@lastfoot=\box32
\LT@cols=\count157
\LT@rows=\count158
\c@LT@tables=\count159
\c@LT@chunks=\count160
\LT@p@ftn=\toks32
)
Class scrreprt Info: longtable captions redefined on input line 43.
\glsdescwidth=\skip59
\glspagelistwidth=\skip60
)
("C:\Program Files\MiKTeX 2.9\tex\latex\glossaries\styles\glossary-super.sty"
Package: glossary-super 2013/11/14 v4.0 (NLCT)

("C:\Program Files\MiKTeX 2.9\tex\latex\supertabular\supertabular.sty"
Package: supertabular 2004/02/20 v4.1e the supertabular environment
\c@tracingst=\count161
\ST@wd=\dimen120
\ST@rightskip=\skip61
\ST@leftskip=\skip62
\ST@parfillskip=\skip63
\ST@pageleft=\dimen121
\ST@headht=\dimen122
\ST@tailht=\dimen123
\ST@pagesofar=\dimen124
\ST@pboxht=\dimen125
\ST@lineht=\dimen126
\ST@stretchht=\dimen127
\ST@prevht=\dimen128
\ST@toadd=\dimen129
\ST@dimen=\dimen130
\ST@pbox=\box33
))
("C:\Program Files\MiKTeX 2.9\tex\latex\glossaries\styles\glossary-tree.sty"
Package: glossary-tree 2015/02/03 v4.13 (NLCT)
\glstreeindent=\skip64
))
\glswrite=\write3
\glo@main@file=\write4
Package glossaries Info: Writing glossary file Pflichtenheft-SEP15.glo on input
 line 20.

(Pflichtenheft-SEP15.aux)
LaTeX Font Info:    Checking defaults for OML/cmm/m/it on input line 26.
LaTeX Font Info:    ... okay on input line 26.
LaTeX Font Info:    Checking defaults for T1/cmr/m/n on input line 26.
LaTeX Font Info:    ... okay on input line 26.
LaTeX Font Info:    Checking defaults for OT1/cmr/m/n on input line 26.
LaTeX Font Info:    ... okay on input line 26.
LaTeX Font Info:    Checking defaults for OMS/cmsy/m/n on input line 26.
LaTeX Font Info:    ... okay on input line 26.
LaTeX Font Info:    Checking defaults for OMX/cmex/m/n on input line 26.
LaTeX Font Info:    ... okay on input line 26.
LaTeX Font Info:    Checking defaults for U/cmr/m/n on input line 26.
LaTeX Font Info:    ... okay on input line 26.
LaTeX Font Info:    Checking defaults for PD1/pdf/m/n on input line 26.
LaTeX Font Info:    ... okay on input line 26.
\AtBeginShipoutBox=\box34
Package hyperref Info: Link coloring OFF on input line 26.

("C:\Program Files\MiKTeX 2.9\tex\latex\hyperref\nameref.sty"
Package: nameref 2012/10/27 v2.43 Cross-referencing by name of section

("C:\Program Files\MiKTeX 2.9\tex\generic\oberdiek\gettitlestring.sty"
Package: gettitlestring 2010/12/03 v1.4 Cleanup title references (HO)
)
\c@section@level=\count162
)
LaTeX Info: Redefining \ref on input line 26.
LaTeX Info: Redefining \pageref on input line 26.
LaTeX Info: Redefining \nameref on input line 26.

(Pflichtenheft-SEP15.out) (Pflichtenheft-SEP15.out)
\@outlinefile=\write5

("C:\Program Files\MiKTeX 2.9\tex\context\base\supp-pdf.mkii"
[Loading MPS to PDF converter (version 2006.09.02).]
\scratchcounter=\count163
\scratchdimen=\dimen131
\scratchbox=\box35
\nofMPsegments=\count164
\nofMParguments=\count165
\everyMPshowfont=\toks33
\MPscratchCnt=\count166
\MPscratchDim=\dimen132
\MPnumerator=\count167
\makeMPintoPDFobject=\count168
\everyMPtoPDFconversion=\toks34
) <logo/name_blau.jpg, id=283, 655.69969pt x 136.25906pt>
File: logo/name_blau.jpg Graphic file (type jpg)

<use logo/name_blau.jpg>
Package pdftex.def Info: logo/name_blau.jpg used on input line 33.
(pdftex.def)             Requested size: 250.95587pt x 52.15114pt.

Overfull \hbox (27.96901pt too wide) in paragraph at lines 57--67
 [][] 
 []

Package babel Info: Redefining german shorthand "f
(babel)             in language  on input line 68.
Package babel Info: Redefining german shorthand "|
(babel)             in language  on input line 68.
Package babel Info: Redefining german shorthand "~
(babel)             in language  on input line 68.
Package babel Info: Redefining german shorthand "f
(babel)             in language  on input line 68.
Package babel Info: Redefining german shorthand "|
(babel)             in language  on input line 68.
Package babel Info: Redefining german shorthand "~
(babel)             in language  on input line 68.
[1



{C:/ProgramData/MiKTeX/2.9/pdftex/config/pdftex.map} <./logo/name_blau.jpg>]
LaTeX Font Info:    Try loading font information for T1+aess on input line 74.

("C:\Program Files\MiKTeX 2.9\tex\latex\ae\t1aess.fd"
File: t1aess.fd 1997/11/16 Font definitions for T1/aess.
) (Pflichtenheft-SEP15.toc
Package babel Info: Redefining german shorthand "f
(babel)             in language  on input line 43.
Package babel Info: Redefining german shorthand "|
(babel)             in language  on input line 43.
Package babel Info: Redefining german shorthand "~
(babel)             in language  on input line 43.
Package babel Info: Redefining german shorthand "f
(babel)             in language  on input line 43.
Package babel Info: Redefining german shorthand "|
(babel)             in language  on input line 43.
Package babel Info: Redefining german shorthand "~
(babel)             in language  on input line 43.
[2

])
\tf@toc=\write6
Package babel Info: Redefining german shorthand "f
(babel)             in language  on input line 76.
Package babel Info: Redefining german shorthand "|
(babel)             in language  on input line 76.
Package babel Info: Redefining german shorthand "~
(babel)             in language  on input line 76.
Package babel Info: Redefining german shorthand "f
(babel)             in language  on input line 76.
Package babel Info: Redefining german shorthand "|
(babel)             in language  on input line 76.
Package babel Info: Redefining german shorthand "~
(babel)             in language  on input line 76.
 [3]
Kapitel 1.
Package babel Info: Redefining german shorthand "f
(babel)             in language  on input line 76.
Package babel Info: Redefining german shorthand "|
(babel)             in language  on input line 76.
Package babel Info: Redefining german shorthand "~
(babel)             in language  on input line 76.
Package babel Info: Redefining german shorthand "f
(babel)             in language  on input line 78.
Package babel Info: Redefining german shorthand "|
(babel)             in language  on input line 78.
Package babel Info: Redefining german shorthand "~
(babel)             in language  on input line 78.
Package babel Info: Redefining german shorthand "f
(babel)             in language  on input line 91.
Package babel Info: Redefining german shorthand "|
(babel)             in language  on input line 91.
Package babel Info: Redefining german shorthand "~
(babel)             in language  on input line 91.
Package babel Info: Redefining german shorthand "f
(babel)             in language  on input line 93.
Package babel Info: Redefining german shorthand "|
(babel)             in language  on input line 93.
Package babel Info: Redefining german shorthand "~
(babel)             in language  on input line 93.
Package babel Info: Redefining german shorthand "f
(babel)             in language  on input line 97.
Package babel Info: Redefining german shorthand "|
(babel)             in language  on input line 97.
Package babel Info: Redefining german shorthand "~
(babel)             in language  on input line 97.
Package babel Info: Redefining german shorthand "f
(babel)             in language  on input line 97.
Package babel Info: Redefining german shorthand "|
(babel)             in language  on input line 97.
Package babel Info: Redefining german shorthand "~
(babel)             in language  on input line 97.
[4

]
Kapitel 2.
Package babel Info: Redefining german shorthand "f
(babel)             in language  on input line 97.
Package babel Info: Redefining german shorthand "|
(babel)             in language  on input line 97.
Package babel Info: Redefining german shorthand "~
(babel)             in language  on input line 97.
Package babel Info: Redefining german shorthand "f
(babel)             in language  on input line 98.
Package babel Info: Redefining german shorthand "|
(babel)             in language  on input line 98.
Package babel Info: Redefining german shorthand "~
(babel)             in language  on input line 98.
Package babel Info: Redefining german shorthand "f
(babel)             in language  on input line 101.
Package babel Info: Redefining german shorthand "|
(babel)             in language  on input line 101.
Package babel Info: Redefining german shorthand "~
(babel)             in language  on input line 101.
Package babel Info: Redefining german shorthand "f
(babel)             in language  on input line 104.
Package babel Info: Redefining german shorthand "|
(babel)             in language  on input line 104.
Package babel Info: Redefining german shorthand "~
(babel)             in language  on input line 104.
Package babel Info: Redefining german shorthand "f
(babel)             in language  on input line 109.
Package babel Info: Redefining german shorthand "|
(babel)             in language  on input line 109.
Package babel Info: Redefining german shorthand "~
(babel)             in language  on input line 109.
Package babel Info: Redefining german shorthand "f
(babel)             in language  on input line 109.
Package babel Info: Redefining german shorthand "|
(babel)             in language  on input line 109.
Package babel Info: Redefining german shorthand "~
(babel)             in language  on input line 109.
[5

]
Kapitel 3.
Package babel Info: Redefining german shorthand "f
(babel)             in language  on input line 109.
Package babel Info: Redefining german shorthand "|
(babel)             in language  on input line 109.
Package babel Info: Redefining german shorthand "~
(babel)             in language  on input line 109.
Package babel Info: Redefining german shorthand "f
(babel)             in language  on input line 110.
Package babel Info: Redefining german shorthand "|
(babel)             in language  on input line 110.
Package babel Info: Redefining german shorthand "~
(babel)             in language  on input line 110.
LaTeX Font Info:    Try loading font information for OMS+aer on input line 112.

("C:\Program Files\MiKTeX 2.9\tex\latex\ae\omsaer.fd"
File: omsaer.fd 1999/12/27
)
LaTeX Font Info:    Font shape `OMS/aer/m/n' in size <10.95> not available
(Font)              Font shape `OMS/cmsy/m/n' tried instead on input line 112.
Package babel Info: Redefining german shorthand "f
(babel)             in language  on input line 117.
Package babel Info: Redefining german shorthand "|
(babel)             in language  on input line 117.
Package babel Info: Redefining german shorthand "~
(babel)             in language  on input line 117.
Package babel Info: Redefining german shorthand "f
(babel)             in language  on input line 124.
Package babel Info: Redefining german shorthand "|
(babel)             in language  on input line 124.
Package babel Info: Redefining german shorthand "~
(babel)             in language  on input line 124.
Package babel Info: Redefining german shorthand "f
(babel)             in language  on input line 132.
Package babel Info: Redefining german shorthand "|
(babel)             in language  on input line 132.
Package babel Info: Redefining german shorthand "~
(babel)             in language  on input line 132.
Package babel Info: Redefining german shorthand "f
(babel)             in language  on input line 132.
Package babel Info: Redefining german shorthand "|
(babel)             in language  on input line 132.
Package babel Info: Redefining german shorthand "~
(babel)             in language  on input line 132.
 [6

]
Kapitel 4.
Package babel Info: Redefining german shorthand "f
(babel)             in language  on input line 132.
Package babel Info: Redefining german shorthand "|
(babel)             in language  on input line 132.
Package babel Info: Redefining german shorthand "~
(babel)             in language  on input line 132.
Package babel Info: Redefining german shorthand "f
(babel)             in language  on input line 135.
Package babel Info: Redefining german shorthand "|
(babel)             in language  on input line 135.
Package babel Info: Redefining german shorthand "~
(babel)             in language  on input line 135.
Package babel Info: Redefining german shorthand "f
(babel)             in language  on input line 136.
Package babel Info: Redefining german shorthand "|
(babel)             in language  on input line 136.
Package babel Info: Redefining german shorthand "~
(babel)             in language  on input line 136.

Overfull \hbox (7.36511pt too wide) in paragraph at lines 146--148
\T1/aer/m/n/10.95 Der Nut-zer hat die Mög-lich-keit das an-ge-zeig-te Kur-s-an-
ge-bot auf ver-schie-de-ne Zeiträu-
 []

Package babel Info: Redefining german shorthand "f
(babel)             in language  on input line 150.
Package babel Info: Redefining german shorthand "|
(babel)             in language  on input line 150.
Package babel Info: Redefining german shorthand "~
(babel)             in language  on input line 150.
Package babel Info: Redefining german shorthand "f
(babel)             in language  on input line 150.
Package babel Info: Redefining german shorthand "|
(babel)             in language  on input line 150.
Package babel Info: Redefining german shorthand "~
(babel)             in language  on input line 150.
[7

]
Package babel Info: Redefining german shorthand "f
(babel)             in language  on input line 164.
Package babel Info: Redefining german shorthand "|
(babel)             in language  on input line 164.
Package babel Info: Redefining german shorthand "~
(babel)             in language  on input line 164.
Package babel Info: Redefining german shorthand "f
(babel)             in language  on input line 167.
Package babel Info: Redefining german shorthand "|
(babel)             in language  on input line 167.
Package babel Info: Redefining german shorthand "~
(babel)             in language  on input line 167.
Package babel Info: Redefining german shorthand "f
(babel)             in language  on input line 177.
Package babel Info: Redefining german shorthand "|
(babel)             in language  on input line 177.
Package babel Info: Redefining german shorthand "~
(babel)             in language  on input line 177.
Package babel Info: Redefining german shorthand "f
(babel)             in language  on input line 177.
Package babel Info: Redefining german shorthand "|
(babel)             in language  on input line 177.
Package babel Info: Redefining german shorthand "~
(babel)             in language  on input line 177.
 [8]
Package babel Info: Redefining german shorthand "f
(babel)             in language  on input line 186.
Package babel Info: Redefining german shorthand "|
(babel)             in language  on input line 186.
Package babel Info: Redefining german shorthand "~
(babel)             in language  on input line 186.
Package babel Info: Redefining german shorthand "f
(babel)             in language  on input line 197.
Package babel Info: Redefining german shorthand "|
(babel)             in language  on input line 197.
Package babel Info: Redefining german shorthand "~
(babel)             in language  on input line 197.
Package babel Info: Redefining german shorthand "f
(babel)             in language  on input line 197.
Package babel Info: Redefining german shorthand "|
(babel)             in language  on input line 197.
Package babel Info: Redefining german shorthand "~
(babel)             in language  on input line 197.
 [9]
Package babel Info: Redefining german shorthand "f
(babel)             in language  on input line 200.
Package babel Info: Redefining german shorthand "|
(babel)             in language  on input line 200.
Package babel Info: Redefining german shorthand "~
(babel)             in language  on input line 200.
Package babel Info: Redefining german shorthand "f
(babel)             in language  on input line 216.
Package babel Info: Redefining german shorthand "|
(babel)             in language  on input line 216.
Package babel Info: Redefining german shorthand "~
(babel)             in language  on input line 216.
Package babel Info: Redefining german shorthand "f
(babel)             in language  on input line 216.
Package babel Info: Redefining german shorthand "|
(babel)             in language  on input line 216.
Package babel Info: Redefining german shorthand "~
(babel)             in language  on input line 216.
 [10]
Package babel Info: Redefining german shorthand "f
(babel)             in language  on input line 229.
Package babel Info: Redefining german shorthand "|
(babel)             in language  on input line 229.
Package babel Info: Redefining german shorthand "~
(babel)             in language  on input line 229.
Package babel Info: Redefining german shorthand "f
(babel)             in language  on input line 237.
Package babel Info: Redefining german shorthand "|
(babel)             in language  on input line 237.
Package babel Info: Redefining german shorthand "~
(babel)             in language  on input line 237.
Package babel Info: Redefining german shorthand "f
(babel)             in language  on input line 237.
Package babel Info: Redefining german shorthand "|
(babel)             in language  on input line 237.
Package babel Info: Redefining german shorthand "~
(babel)             in language  on input line 237.
 [11]
Package babel Info: Redefining german shorthand "f
(babel)             in language  on input line 243.
Package babel Info: Redefining german shorthand "|
(babel)             in language  on input line 243.
Package babel Info: Redefining german shorthand "~
(babel)             in language  on input line 243.
Package babel Info: Redefining german shorthand "f
(babel)             in language  on input line 246.
Package babel Info: Redefining german shorthand "|
(babel)             in language  on input line 246.
Package babel Info: Redefining german shorthand "~
(babel)             in language  on input line 246.
Package babel Info: Redefining german shorthand "f
(babel)             in language  on input line 248.
Package babel Info: Redefining german shorthand "|
(babel)             in language  on input line 248.
Package babel Info: Redefining german shorthand "~
(babel)             in language  on input line 248.
Package babel Info: Redefining german shorthand "f
(babel)             in language  on input line 250.
Package babel Info: Redefining german shorthand "|
(babel)             in language  on input line 250.
Package babel Info: Redefining german shorthand "~
(babel)             in language  on input line 250.
Package babel Info: Redefining german shorthand "f
(babel)             in language  on input line 254.
Package babel Info: Redefining german shorthand "|
(babel)             in language  on input line 254.
Package babel Info: Redefining german shorthand "~
(babel)             in language  on input line 254.
Package babel Info: Redefining german shorthand "f
(babel)             in language  on input line 257.
Package babel Info: Redefining german shorthand "|
(babel)             in language  on input line 257.
Package babel Info: Redefining german shorthand "~
(babel)             in language  on input line 257.
Package babel Info: Redefining german shorthand "f
(babel)             in language  on input line 259.
Package babel Info: Redefining german shorthand "|
(babel)             in language  on input line 259.
Package babel Info: Redefining german shorthand "~
(babel)             in language  on input line 259.
Package babel Info: Redefining german shorthand "f
(babel)             in language  on input line 261.
Package babel Info: Redefining german shorthand "|
(babel)             in language  on input line 261.
Package babel Info: Redefining german shorthand "~
(babel)             in language  on input line 261.
Package babel Info: Redefining german shorthand "f
(babel)             in language  on input line 263.
Package babel Info: Redefining german shorthand "|
(babel)             in language  on input line 263.
Package babel Info: Redefining german shorthand "~
(babel)             in language  on input line 263.
Package babel Info: Redefining german shorthand "f
(babel)             in language  on input line 265.
Package babel Info: Redefining german shorthand "|
(babel)             in language  on input line 265.
Package babel Info: Redefining german shorthand "~
(babel)             in language  on input line 265.
Package babel Info: Redefining german shorthand "f
(babel)             in language  on input line 269.
Package babel Info: Redefining german shorthand "|
(babel)             in language  on input line 269.
Package babel Info: Redefining german shorthand "~
(babel)             in language  on input line 269.
Package babel Info: Redefining german shorthand "f
(babel)             in language  on input line 269.
Package babel Info: Redefining german shorthand "|
(babel)             in language  on input line 269.
Package babel Info: Redefining german shorthand "~
(babel)             in language  on input line 269.
 [12]
Kapitel 5.
Package babel Info: Redefining german shorthand "f
(babel)             in language  on input line 269.
Package babel Info: Redefining german shorthand "|
(babel)             in language  on input line 269.
Package babel Info: Redefining german shorthand "~
(babel)             in language  on input line 269.
Package babel Info: Redefining german shorthand "f
(babel)             in language  on input line 273.
Package babel Info: Redefining german shorthand "|
(babel)             in language  on input line 273.
Package babel Info: Redefining german shorthand "~
(babel)             in language  on input line 273.
Package babel Info: Redefining german shorthand "f
(babel)             in language  on input line 277.
Package babel Info: Redefining german shorthand "|
(babel)             in language  on input line 277.
Package babel Info: Redefining german shorthand "~
(babel)             in language  on input line 277.
Package babel Info: Redefining german shorthand "f
(babel)             in language  on input line 282.
Package babel Info: Redefining german shorthand "|
(babel)             in language  on input line 282.
Package babel Info: Redefining german shorthand "~
(babel)             in language  on input line 282.
Package babel Info: Redefining german shorthand "f
(babel)             in language  on input line 289.
Package babel Info: Redefining german shorthand "|
(babel)             in language  on input line 289.
Package babel Info: Redefining german shorthand "~
(babel)             in language  on input line 289.
Package babel Info: Redefining german shorthand "f
(babel)             in language  on input line 296.
Package babel Info: Redefining german shorthand "|
(babel)             in language  on input line 296.
Package babel Info: Redefining german shorthand "~
(babel)             in language  on input line 296.
Package babel Info: Redefining german shorthand "f
(babel)             in language  on input line 296.
Package babel Info: Redefining german shorthand "|
(babel)             in language  on input line 296.
Package babel Info: Redefining german shorthand "~
(babel)             in language  on input line 296.
[13

]
Kapitel 6.
Package babel Info: Redefining german shorthand "f
(babel)             in language  on input line 296.
Package babel Info: Redefining german shorthand "|
(babel)             in language  on input line 296.
Package babel Info: Redefining german shorthand "~
(babel)             in language  on input line 296.
Package babel Info: Redefining german shorthand "f
(babel)             in language  on input line 299.
Package babel Info: Redefining german shorthand "|
(babel)             in language  on input line 299.
Package babel Info: Redefining german shorthand "~
(babel)             in language  on input line 299.
Package babel Info: Redefining german shorthand "f
(babel)             in language  on input line 301.
Package babel Info: Redefining german shorthand "|
(babel)             in language  on input line 301.
Package babel Info: Redefining german shorthand "~
(babel)             in language  on input line 301.
Package babel Info: Redefining german shorthand "f
(babel)             in language  on input line 306.
Package babel Info: Redefining german shorthand "|
(babel)             in language  on input line 306.
Package babel Info: Redefining german shorthand "~
(babel)             in language  on input line 306.
Package babel Info: Redefining german shorthand "f
(babel)             in language  on input line 306.
Package babel Info: Redefining german shorthand "|
(babel)             in language  on input line 306.
Package babel Info: Redefining german shorthand "~
(babel)             in language  on input line 306.
[14

]
Kapitel 7.
Package babel Info: Redefining german shorthand "f
(babel)             in language  on input line 306.
Package babel Info: Redefining german shorthand "|
(babel)             in language  on input line 306.
Package babel Info: Redefining german shorthand "~
(babel)             in language  on input line 306.

Package hyperref Warning: Difference (2) between bookmark levels is greater 
(hyperref)                than one, level fixed on input line 309.

Package babel Info: Redefining german shorthand "f
(babel)             in language  on input line 309.
Package babel Info: Redefining german shorthand "|
(babel)             in language  on input line 309.
Package babel Info: Redefining german shorthand "~
(babel)             in language  on input line 309.
Package babel Info: Redefining german shorthand "f
(babel)             in language  on input line 313.
Package babel Info: Redefining german shorthand "|
(babel)             in language  on input line 313.
Package babel Info: Redefining german shorthand "~
(babel)             in language  on input line 313.
Package babel Info: Redefining german shorthand "f
(babel)             in language  on input line 317.
Package babel Info: Redefining german shorthand "|
(babel)             in language  on input line 317.
Package babel Info: Redefining german shorthand "~
(babel)             in language  on input line 317.
Package babel Info: Redefining german shorthand "f
(babel)             in language  on input line 321.
Package babel Info: Redefining german shorthand "|
(babel)             in language  on input line 321.
Package babel Info: Redefining german shorthand "~
(babel)             in language  on input line 321.
Package babel Info: Redefining german shorthand "f
(babel)             in language  on input line 327.
Package babel Info: Redefining german shorthand "|
(babel)             in language  on input line 327.
Package babel Info: Redefining german shorthand "~
(babel)             in language  on input line 327.
Package babel Info: Redefining german shorthand "f
(babel)             in language  on input line 332.
Package babel Info: Redefining german shorthand "|
(babel)             in language  on input line 332.
Package babel Info: Redefining german shorthand "~
(babel)             in language  on input line 332.
Package babel Info: Redefining german shorthand "f
(babel)             in language  on input line 338.
Package babel Info: Redefining german shorthand "|
(babel)             in language  on input line 338.
Package babel Info: Redefining german shorthand "~
(babel)             in language  on input line 338.
Package babel Info: Redefining german shorthand "f
(babel)             in language  on input line 339.
Package babel Info: Redefining german shorthand "|
(babel)             in language  on input line 339.
Package babel Info: Redefining german shorthand "~
(babel)             in language  on input line 339.
Package babel Info: Redefining german shorthand "f
(babel)             in language  on input line 343.
Package babel Info: Redefining german shorthand "|
(babel)             in language  on input line 343.
Package babel Info: Redefining german shorthand "~
(babel)             in language  on input line 343.
Package babel Info: Redefining german shorthand "f
(babel)             in language  on input line 347.
Package babel Info: Redefining german shorthand "|
(babel)             in language  on input line 347.
Package babel Info: Redefining german shorthand "~
(babel)             in language  on input line 347.
Package babel Info: Redefining german shorthand "f
(babel)             in language  on input line 351.
Package babel Info: Redefining german shorthand "|
(babel)             in language  on input line 351.
Package babel Info: Redefining german shorthand "~
(babel)             in language  on input line 351.
Package babel Info: Redefining german shorthand "f
(babel)             in language  on input line 357.
Package babel Info: Redefining german shorthand "|
(babel)             in language  on input line 357.
Package babel Info: Redefining german shorthand "~
(babel)             in language  on input line 357.
Package babel Info: Redefining german shorthand "f
(babel)             in language  on input line 357.
Package babel Info: Redefining german shorthand "|
(babel)             in language  on input line 357.
Package babel Info: Redefining german shorthand "~
(babel)             in language  on input line 357.
[15

]
Kapitel 8.
Package babel Info: Redefining german shorthand "f
(babel)             in language  on input line 357.
Package babel Info: Redefining german shorthand "|
(babel)             in language  on input line 357.
Package babel Info: Redefining german shorthand "~
(babel)             in language  on input line 357.
Package babel Info: Redefining german shorthand "f
(babel)             in language  on input line 390.
Package babel Info: Redefining german shorthand "|
(babel)             in language  on input line 390.
Package babel Info: Redefining german shorthand "~
(babel)             in language  on input line 390.
Package babel Info: Redefining german shorthand "f
(babel)             in language  on input line 390.
Package babel Info: Redefining german shorthand "|
(babel)             in language  on input line 390.
Package babel Info: Redefining german shorthand "~
(babel)             in language  on input line 390.
[16

]
Kapitel 9.
Package babel Info: Redefining german shorthand "f
(babel)             in language  on input line 390.
Package babel Info: Redefining german shorthand "|
(babel)             in language  on input line 390.
Package babel Info: Redefining german shorthand "~
(babel)             in language  on input line 390.
Package babel Info: Redefining german shorthand "f
(babel)             in language  on input line 393.
Package babel Info: Redefining german shorthand "|
(babel)             in language  on input line 393.
Package babel Info: Redefining german shorthand "~
(babel)             in language  on input line 393.
Package babel Info: Redefining german shorthand "f
(babel)             in language  on input line 394.
Package babel Info: Redefining german shorthand "|
(babel)             in language  on input line 394.
Package babel Info: Redefining german shorthand "~
(babel)             in language  on input line 394.
Package babel Info: Redefining german shorthand "f
(babel)             in language  on input line 401.
Package babel Info: Redefining german shorthand "|
(babel)             in language  on input line 401.
Package babel Info: Redefining german shorthand "~
(babel)             in language  on input line 401.
Package babel Info: Redefining german shorthand "f
(babel)             in language  on input line 408.
Package babel Info: Redefining german shorthand "|
(babel)             in language  on input line 408.
Package babel Info: Redefining german shorthand "~
(babel)             in language  on input line 408.
Package babel Info: Redefining german shorthand "f
(babel)             in language  on input line 412.
Package babel Info: Redefining german shorthand "|
(babel)             in language  on input line 412.
Package babel Info: Redefining german shorthand "~
(babel)             in language  on input line 412.
Package babel Info: Redefining german shorthand "f
(babel)             in language  on input line 422.
Package babel Info: Redefining german shorthand "|
(babel)             in language  on input line 422.
Package babel Info: Redefining german shorthand "~
(babel)             in language  on input line 422.
Package babel Info: Redefining german shorthand "f
(babel)             in language  on input line 430.
Package babel Info: Redefining german shorthand "|
(babel)             in language  on input line 430.
Package babel Info: Redefining german shorthand "~
(babel)             in language  on input line 430.
Package babel Info: Redefining german shorthand "f
(babel)             in language  on input line 430.
Package babel Info: Redefining german shorthand "|
(babel)             in language  on input line 430.
Package babel Info: Redefining german shorthand "~
(babel)             in language  on input line 430.
[17

]
Package babel Info: Redefining german shorthand "f
(babel)             in language  on input line 451.
Package babel Info: Redefining german shorthand "|
(babel)             in language  on input line 451.
Package babel Info: Redefining german shorthand "~
(babel)             in language  on input line 451.
Package babel Info: Redefining german shorthand "f
(babel)             in language  on input line 460.
Package babel Info: Redefining german shorthand "|
(babel)             in language  on input line 460.
Package babel Info: Redefining german shorthand "~
(babel)             in language  on input line 460.
Package babel Info: Redefining german shorthand "f
(babel)             in language  on input line 460.
Package babel Info: Redefining german shorthand "|
(babel)             in language  on input line 460.
Package babel Info: Redefining german shorthand "~
(babel)             in language  on input line 460.
 [18]
Package babel Info: Redefining german shorthand "f
(babel)             in language  on input line 466.
Package babel Info: Redefining german shorthand "|
(babel)             in language  on input line 466.
Package babel Info: Redefining german shorthand "~
(babel)             in language  on input line 466.
Package babel Info: Redefining german shorthand "f
(babel)             in language  on input line 473.
Package babel Info: Redefining german shorthand "|
(babel)             in language  on input line 473.
Package babel Info: Redefining german shorthand "~
(babel)             in language  on input line 473.
Package babel Info: Redefining german shorthand "f
(babel)             in language  on input line 473.
Package babel Info: Redefining german shorthand "|
(babel)             in language  on input line 473.
Package babel Info: Redefining german shorthand "~
(babel)             in language  on input line 473.
 [19]
Kapitel 10.
Package babel Info: Redefining german shorthand "f
(babel)             in language  on input line 473.
Package babel Info: Redefining german shorthand "|
(babel)             in language  on input line 473.
Package babel Info: Redefining german shorthand "~
(babel)             in language  on input line 473.
Package babel Info: Redefining german shorthand "f
(babel)             in language  on input line 474.
Package babel Info: Redefining german shorthand "|
(babel)             in language  on input line 474.
Package babel Info: Redefining german shorthand "~
(babel)             in language  on input line 474.
Package babel Info: Redefining german shorthand "f
(babel)             in language  on input line 475.
Package babel Info: Redefining german shorthand "|
(babel)             in language  on input line 475.
Package babel Info: Redefining german shorthand "~
(babel)             in language  on input line 475.
Package babel Info: Redefining german shorthand "f
(babel)             in language  on input line 477.
Package babel Info: Redefining german shorthand "|
(babel)             in language  on input line 477.
Package babel Info: Redefining german shorthand "~
(babel)             in language  on input line 477.
Package babel Info: Redefining german shorthand "f
(babel)             in language  on input line 479.
Package babel Info: Redefining german shorthand "|
(babel)             in language  on input line 479.
Package babel Info: Redefining german shorthand "~
(babel)             in language  on input line 479.
Package babel Info: Redefining german shorthand "f
(babel)             in language  on input line 481.
Package babel Info: Redefining german shorthand "|
(babel)             in language  on input line 481.
Package babel Info: Redefining german shorthand "~
(babel)             in language  on input line 481.
Package babel Info: Redefining german shorthand "f
(babel)             in language  on input line 483.
Package babel Info: Redefining german shorthand "|
(babel)             in language  on input line 483.
Package babel Info: Redefining german shorthand "~
(babel)             in language  on input line 483.
Package babel Info: Redefining german shorthand "f
(babel)             in language  on input line 485.
Package babel Info: Redefining german shorthand "|
(babel)             in language  on input line 485.
Package babel Info: Redefining german shorthand "~
(babel)             in language  on input line 485.
Package babel Info: Redefining german shorthand "f
(babel)             in language  on input line 487.
Package babel Info: Redefining german shorthand "|
(babel)             in language  on input line 487.
Package babel Info: Redefining german shorthand "~
(babel)             in language  on input line 487.
Package babel Info: Redefining german shorthand "f
(babel)             in language  on input line 489.
Package babel Info: Redefining german shorthand "|
(babel)             in language  on input line 489.
Package babel Info: Redefining german shorthand "~
(babel)             in language  on input line 489.
No file Pflichtenheft-SEP15.gls.
Package atveryend Info: Empty hook `BeforeClearDocument' on input line 492.
Package babel Info: Redefining german shorthand "f
(babel)             in language  on input line 492.
Package babel Info: Redefining german shorthand "|
(babel)             in language  on input line 492.
Package babel Info: Redefining german shorthand "~
(babel)             in language  on input line 492.
Package babel Info: Redefining german shorthand "f
(babel)             in language  on input line 492.
Package babel Info: Redefining german shorthand "|
(babel)             in language  on input line 492.
Package babel Info: Redefining german shorthand "~
(babel)             in language  on input line 492.
[20

]
Package atveryend Info: Empty hook `AfterLastShipout' on input line 492.
 (Pflichtenheft-SEP15.aux)
Package atveryend Info: Executing hook `AtVeryEndDocument' on input line 492.
Package atveryend Info: Executing hook `AtEndAfterFileList' on input line 492.
Package rerunfilecheck Info: File `Pflichtenheft-SEP15.out' has not changed.
(rerunfilecheck)             Checksum: EEFDC8108626437A41A059E02054F660;5069.
Package atveryend Info: Empty hook `AtVeryVeryEnd' on input line 492.
 ) 
Here is how much of TeX's memory you used:
 13424 strings out of 493698
 202339 string characters out of 3144412
 416247 words of memory out of 3000000
 16377 multiletter control sequences out of 15000+200000
 28647 words of font info for 61 fonts, out of 3000000 for 9000
 1025 hyphenation exceptions out of 8191
 57i,9n,48p,1800b,530s stack positions out of 5000i,500n,10000p,200000b,50000s
<C:/Program Files/MiKTeX 2.9/fonts/type1/public/amsfonts/cm/cmbx10.pfb><C:/Pr
ogram Files/MiKTeX 2.9/fonts/type1/public/amsfonts/cm/cmbx12.pfb><C:/Program Fi
les/MiKTeX 2.9/fonts/type1/public/amsfonts/cm/cmr10.pfb><C:/Program Files/MiKTe
X 2.9/fonts/type1/public/amsfonts/cm/cmssbx10.pfb><C:/Program Files/MiKTeX 2.9/
fonts/type1/public/amsfonts/cm/cmsy10.pfb>
Output written on Pflichtenheft-SEP15.pdf (20 pages, 183421 bytes).
PDF statistics:
 491 PDF objects out of 1000 (max. 8388607)
 99 named destinations out of 1000 (max. 500000)
 566 words of extra memory for PDF output out of 10000 (max. 10000000)

